{"/tmp/whatsapp-contacts-exporter/content/content.js": {"path":"/tmp/whatsapp-contacts-exporter/content/content.js","statementMap":{"0":{"start":{"line":4,"column":0},"end":{"line":227,"column":5}},"1":{"start":{"line":8,"column":2},"end":{"line":14,"column":5}},"2":{"start":{"line":9,"column":4},"end":{"line":12,"column":5}},"3":{"start":{"line":10,"column":23},"end":{"line":10,"column":43}},"4":{"start":{"line":11,"column":6},"end":{"line":11,"column":58}},"5":{"start":{"line":13,"column":4},"end":{"line":13,"column":16}},"6":{"start":{"line":18,"column":21},"end":{"line":18,"column":23}},"7":{"start":{"line":19,"column":17},"end":{"line":19,"column":26}},"8":{"start":{"line":22,"column":30},"end":{"line":29,"column":5}},"9":{"start":{"line":31,"column":23},"end":{"line":31,"column":25}},"10":{"start":{"line":32,"column":4},"end":{"line":37,"column":5}},"11":{"start":{"line":33,"column":23},"end":{"line":33,"column":58}},"12":{"start":{"line":34,"column":6},"end":{"line":36,"column":7}},"13":{"start":{"line":35,"column":8},"end":{"line":35,"column":32}},"14":{"start":{"line":39,"column":4},"end":{"line":39,"column":82}},"15":{"start":{"line":41,"column":4},"end":{"line":51,"column":7}},"16":{"start":{"line":42,"column":6},"end":{"line":50,"column":7}},"17":{"start":{"line":43,"column":24},"end":{"line":43,"column":52}},"18":{"start":{"line":44,"column":8},"end":{"line":47,"column":9}},"19":{"start":{"line":45,"column":10},"end":{"line":45,"column":33}},"20":{"start":{"line":46,"column":10},"end":{"line":46,"column":33}},"21":{"start":{"line":49,"column":8},"end":{"line":49,"column":84}},"22":{"start":{"line":53,"column":4},"end":{"line":53,"column":84}},"23":{"start":{"line":54,"column":4},"end":{"line":54,"column":20}},"24":{"start":{"line":60,"column":26},"end":{"line":67,"column":5}},"25":{"start":{"line":69,"column":15},"end":{"line":69,"column":17}},"26":{"start":{"line":70,"column":4},"end":{"line":76,"column":5}},"27":{"start":{"line":71,"column":17},"end":{"line":71,"column":48}},"28":{"start":{"line":72,"column":6},"end":{"line":75,"column":7}},"29":{"start":{"line":73,"column":8},"end":{"line":73,"column":58}},"30":{"start":{"line":74,"column":8},"end":{"line":74,"column":39}},"31":{"start":{"line":74,"column":33},"end":{"line":74,"column":39}},"32":{"start":{"line":78,"column":4},"end":{"line":78,"column":43}},"33":{"start":{"line":78,"column":31},"end":{"line":78,"column":43}},"34":{"start":{"line":79,"column":4},"end":{"line":79,"column":23}},"35":{"start":{"line":82,"column":20},"end":{"line":82,"column":48}},"36":{"start":{"line":85,"column":24},"end":{"line":85,"column":57}},"37":{"start":{"line":88,"column":21},"end":{"line":88,"column":45}},"38":{"start":{"line":91,"column":24},"end":{"line":91,"column":51}},"39":{"start":{"line":93,"column":4},"end":{"line":101,"column":6}},"40":{"start":{"line":106,"column":28},"end":{"line":111,"column":5}},"41":{"start":{"line":113,"column":4},"end":{"line":115,"column":5}},"42":{"start":{"line":114,"column":6},"end":{"line":114,"column":55}},"43":{"start":{"line":114,"column":43},"end":{"line":114,"column":55}},"44":{"start":{"line":118,"column":4},"end":{"line":118,"column":41}},"45":{"start":{"line":118,"column":29},"end":{"line":118,"column":41}},"46":{"start":{"line":121,"column":17},"end":{"line":121,"column":48}},"47":{"start":{"line":122,"column":4},"end":{"line":124,"column":5}},"48":{"start":{"line":123,"column":6},"end":{"line":123,"column":18}},"49":{"start":{"line":126,"column":4},"end":{"line":126,"column":17}},"50":{"start":{"line":132,"column":26},"end":{"line":136,"column":5}},"51":{"start":{"line":138,"column":4},"end":{"line":143,"column":5}},"52":{"start":{"line":139,"column":20},"end":{"line":139,"column":39}},"53":{"start":{"line":140,"column":6},"end":{"line":142,"column":7}},"54":{"start":{"line":141,"column":8},"end":{"line":141,"column":49}},"55":{"start":{"line":146,"column":25},"end":{"line":146,"column":86}},"56":{"start":{"line":147,"column":4},"end":{"line":155,"column":5}},"57":{"start":{"line":148,"column":19},"end":{"line":148,"column":43}},"58":{"start":{"line":149,"column":6},"end":{"line":154,"column":7}},"59":{"start":{"line":150,"column":22},"end":{"line":150,"column":41}},"60":{"start":{"line":151,"column":8},"end":{"line":153,"column":9}},"61":{"start":{"line":152,"column":10},"end":{"line":152,"column":51}},"62":{"start":{"line":157,"column":4},"end":{"line":157,"column":14}},"63":{"start":{"line":162,"column":26},"end":{"line":168,"column":5}},"64":{"start":{"line":170,"column":4},"end":{"line":175,"column":5}},"65":{"start":{"line":171,"column":17},"end":{"line":171,"column":48}},"66":{"start":{"line":172,"column":6},"end":{"line":174,"column":7}},"67":{"start":{"line":173,"column":8},"end":{"line":173,"column":37}},"68":{"start":{"line":177,"column":4},"end":{"line":177,"column":14}},"69":{"start":{"line":182,"column":28},"end":{"line":187,"column":5}},"70":{"start":{"line":189,"column":4},"end":{"line":195,"column":5}},"71":{"start":{"line":190,"column":17},"end":{"line":190,"column":48}},"72":{"start":{"line":191,"column":6},"end":{"line":194,"column":7}},"73":{"start":{"line":192,"column":22},"end":{"line":192,"column":50}},"74":{"start":{"line":193,"column":8},"end":{"line":193,"column":40}},"75":{"start":{"line":197,"column":4},"end":{"line":197,"column":13}},"76":{"start":{"line":201,"column":2},"end":{"line":224,"column":4}},"77":{"start":{"line":202,"column":28},"end":{"line":204,"column":66}},"78":{"start":{"line":206,"column":4},"end":{"line":209,"column":5}},"79":{"start":{"line":207,"column":6},"end":{"line":207,"column":75}},"80":{"start":{"line":208,"column":6},"end":{"line":208,"column":13}},"81":{"start":{"line":211,"column":22},"end":{"line":211,"column":32}},"82":{"start":{"line":212,"column":23},"end":{"line":212,"column":26}},"83":{"start":{"line":214,"column":4},"end":{"line":223,"column":7}},"84":{"start":{"line":215,"column":29},"end":{"line":222,"column":13}},"85":{"start":{"line":216,"column":8},"end":{"line":216,"column":48}},"86":{"start":{"line":218,"column":8},"end":{"line":221,"column":9}},"87":{"start":{"line":219,"column":10},"end":{"line":219,"column":40}},"88":{"start":{"line":220,"column":10},"end":{"line":220,"column":40}},"89":{"start":{"line":226,"column":2},"end":{"line":226,"column":59}}},"fnMap":{"0":{"name":"(anonymous_0)","decl":{"start":{"line":4,"column":1},"end":{"line":4,"column":2}},"loc":{"start":{"line":4,"column":12},"end":{"line":227,"column":1}},"line":4},"1":{"name":"(anonymous_1)","decl":{"start":{"line":8,"column":39},"end":{"line":8,"column":40}},"loc":{"start":{"line":8,"column":74},"end":{"line":14,"column":3}},"line":8},"2":{"name":"extractAllContacts","decl":{"start":{"line":17,"column":11},"end":{"line":17,"column":29}},"loc":{"start":{"line":17,"column":32},"end":{"line":55,"column":3}},"line":17},"3":{"name":"(anonymous_3)","decl":{"start":{"line":41,"column":25},"end":{"line":41,"column":26}},"loc":{"start":{"line":41,"column":45},"end":{"line":51,"column":5}},"line":41},"4":{"name":"parseContactElement","decl":{"start":{"line":58,"column":11},"end":{"line":58,"column":30}},"loc":{"start":{"line":58,"column":40},"end":{"line":102,"column":3}},"line":58},"5":{"name":"detectIfGroup","decl":{"start":{"line":105,"column":11},"end":{"line":105,"column":24}},"loc":{"start":{"line":105,"column":40},"end":{"line":127,"column":3}},"line":105},"6":{"name":"extractPhoneNumber","decl":{"start":{"line":130,"column":11},"end":{"line":130,"column":29}},"loc":{"start":{"line":130,"column":45},"end":{"line":158,"column":3}},"line":130},"7":{"name":"extractLastSeen","decl":{"start":{"line":161,"column":11},"end":{"line":161,"column":26}},"loc":{"start":{"line":161,"column":36},"end":{"line":178,"column":3}},"line":161},"8":{"name":"extractUnreadCount","decl":{"start":{"line":181,"column":11},"end":{"line":181,"column":29}},"loc":{"start":{"line":181,"column":39},"end":{"line":198,"column":3}},"line":181},"9":{"name":"(anonymous_9)","decl":{"start":{"line":201,"column":44},"end":{"line":201,"column":45}},"loc":{"start":{"line":201,"column":76},"end":{"line":224,"column":3}},"line":201},"10":{"name":"(anonymous_10)","decl":{"start":{"line":214,"column":23},"end":{"line":214,"column":24}},"loc":{"start":{"line":214,"column":34},"end":{"line":223,"column":5}},"line":214},"11":{"name":"(anonymous_11)","decl":{"start":{"line":215,"column":41},"end":{"line":215,"column":42}},"loc":{"start":{"line":215,"column":47},"end":{"line":222,"column":7}},"line":215}},"branchMap":{"0":{"loc":{"start":{"line":9,"column":4},"end":{"line":12,"column":5}},"type":"if","locations":[{"start":{"line":9,"column":4},"end":{"line":12,"column":5}},{"start":{},"end":{}}],"line":9},"1":{"loc":{"start":{"line":34,"column":6},"end":{"line":36,"column":7}},"type":"if","locations":[{"start":{"line":34,"column":6},"end":{"line":36,"column":7}},{"start":{},"end":{}}],"line":34},"2":{"loc":{"start":{"line":44,"column":8},"end":{"line":47,"column":9}},"type":"if","locations":[{"start":{"line":44,"column":8},"end":{"line":47,"column":9}},{"start":{},"end":{}}],"line":44},"3":{"loc":{"start":{"line":44,"column":12},"end":{"line":44,"column":46}},"type":"binary-expr","locations":[{"start":{"line":44,"column":12},"end":{"line":44,"column":19}},{"start":{"line":44,"column":23},"end":{"line":44,"column":46}}],"line":44},"4":{"loc":{"start":{"line":72,"column":6},"end":{"line":75,"column":7}},"type":"if","locations":[{"start":{"line":72,"column":6},"end":{"line":75,"column":7}},{"start":{},"end":{}}],"line":72},"5":{"loc":{"start":{"line":73,"column":15},"end":{"line":73,"column":57}},"type":"binary-expr","locations":[{"start":{"line":73,"column":15},"end":{"line":73,"column":39}},{"start":{"line":73,"column":43},"end":{"line":73,"column":57}}],"line":73},"6":{"loc":{"start":{"line":74,"column":8},"end":{"line":74,"column":39}},"type":"if","locations":[{"start":{"line":74,"column":8},"end":{"line":74,"column":39}},{"start":{},"end":{}}],"line":74},"7":{"loc":{"start":{"line":74,"column":12},"end":{"line":74,"column":31}},"type":"binary-expr","locations":[{"start":{"line":74,"column":12},"end":{"line":74,"column":16}},{"start":{"line":74,"column":20},"end":{"line":74,"column":31}}],"line":74},"8":{"loc":{"start":{"line":78,"column":4},"end":{"line":78,"column":43}},"type":"if","locations":[{"start":{"line":78,"column":4},"end":{"line":78,"column":43}},{"start":{},"end":{}}],"line":78},"9":{"loc":{"start":{"line":78,"column":8},"end":{"line":78,"column":29}},"type":"binary-expr","locations":[{"start":{"line":78,"column":8},"end":{"line":78,"column":13}},{"start":{"line":78,"column":17},"end":{"line":78,"column":29}}],"line":78},"10":{"loc":{"start":{"line":97,"column":12},"end":{"line":97,"column":41}},"type":"cond-expr","locations":[{"start":{"line":97,"column":22},"end":{"line":97,"column":29}},{"start":{"line":97,"column":32},"end":{"line":97,"column":41}}],"line":97},"11":{"loc":{"start":{"line":114,"column":6},"end":{"line":114,"column":55}},"type":"if","locations":[{"start":{"line":114,"column":6},"end":{"line":114,"column":55}},{"start":{},"end":{}}],"line":114},"12":{"loc":{"start":{"line":118,"column":4},"end":{"line":118,"column":41}},"type":"if","locations":[{"start":{"line":118,"column":4},"end":{"line":118,"column":41}},{"start":{},"end":{}}],"line":118},"13":{"loc":{"start":{"line":122,"column":4},"end":{"line":124,"column":5}},"type":"if","locations":[{"start":{"line":122,"column":4},"end":{"line":124,"column":5}},{"start":{},"end":{}}],"line":122},"14":{"loc":{"start":{"line":122,"column":8},"end":{"line":122,"column":71}},"type":"binary-expr","locations":[{"start":{"line":122,"column":8},"end":{"line":122,"column":38}},{"start":{"line":122,"column":42},"end":{"line":122,"column":71}}],"line":122},"15":{"loc":{"start":{"line":140,"column":6},"end":{"line":142,"column":7}},"type":"if","locations":[{"start":{"line":140,"column":6},"end":{"line":142,"column":7}},{"start":{},"end":{}}],"line":140},"16":{"loc":{"start":{"line":147,"column":4},"end":{"line":155,"column":5}},"type":"if","locations":[{"start":{"line":147,"column":4},"end":{"line":155,"column":5}},{"start":{},"end":{}}],"line":147},"17":{"loc":{"start":{"line":151,"column":8},"end":{"line":153,"column":9}},"type":"if","locations":[{"start":{"line":151,"column":8},"end":{"line":153,"column":9}},{"start":{},"end":{}}],"line":151},"18":{"loc":{"start":{"line":172,"column":6},"end":{"line":174,"column":7}},"type":"if","locations":[{"start":{"line":172,"column":6},"end":{"line":174,"column":7}},{"start":{},"end":{}}],"line":172},"19":{"loc":{"start":{"line":172,"column":10},"end":{"line":172,"column":37}},"type":"binary-expr","locations":[{"start":{"line":172,"column":10},"end":{"line":172,"column":12}},{"start":{"line":172,"column":16},"end":{"line":172,"column":37}}],"line":172},"20":{"loc":{"start":{"line":191,"column":6},"end":{"line":194,"column":7}},"type":"if","locations":[{"start":{"line":191,"column":6},"end":{"line":194,"column":7}},{"start":{},"end":{}}],"line":191},"21":{"loc":{"start":{"line":193,"column":15},"end":{"line":193,"column":39}},"type":"cond-expr","locations":[{"start":{"line":193,"column":30},"end":{"line":193,"column":31}},{"start":{"line":193,"column":34},"end":{"line":193,"column":39}}],"line":193},"22":{"loc":{"start":{"line":201,"column":59},"end":{"line":201,"column":74}},"type":"default-arg","locations":[{"start":{"line":201,"column":70},"end":{"line":201,"column":74}}],"line":201},"23":{"loc":{"start":{"line":202,"column":28},"end":{"line":204,"column":66}},"type":"binary-expr","locations":[{"start":{"line":202,"column":28},"end":{"line":202,"column":79}},{"start":{"line":203,"column":27},"end":{"line":203,"column":63}},{"start":{"line":204,"column":27},"end":{"line":204,"column":66}}],"line":202},"24":{"loc":{"start":{"line":206,"column":4},"end":{"line":209,"column":5}},"type":"if","locations":[{"start":{"line":206,"column":4},"end":{"line":209,"column":5}},{"start":{},"end":{}}],"line":206},"25":{"loc":{"start":{"line":218,"column":8},"end":{"line":221,"column":9}},"type":"if","locations":[{"start":{"line":218,"column":8},"end":{"line":221,"column":9}},{"start":{},"end":{}}],"line":218}},"s":{"0":0,"1":0,"2":0,"3":0,"4":0,"5":0,"6":0,"7":0,"8":0,"9":0,"10":0,"11":0,"12":0,"13":0,"14":0,"15":0,"16":0,"17":0,"18":0,"19":0,"20":0,"21":0,"22":0,"23":0,"24":0,"25":0,"26":0,"27":0,"28":0,"29":0,"30":0,"31":0,"32":0,"33":0,"34":0,"35":0,"36":0,"37":0,"38":0,"39":0,"40":0,"41":0,"42":0,"43":0,"44":0,"45":0,"46":0,"47":0,"48":0,"49":0,"50":0,"51":0,"52":0,"53":0,"54":0,"55":0,"56":0,"57":0,"58":0,"59":0,"60":0,"61":0,"62":0,"63":0,"64":0,"65":0,"66":0,"67":0,"68":0,"69":0,"70":0,"71":0,"72":0,"73":0,"74":0,"75":0,"76":0,"77":0,"78":0,"79":0,"80":0,"81":0,"82":0,"83":0,"84":0,"85":0,"86":0,"87":0,"88":0,"89":0},"f":{"0":0,"1":0,"2":0,"3":0,"4":0,"5":0,"6":0,"7":0,"8":0,"9":0,"10":0,"11":0},"b":{"0":[0,0],"1":[0,0],"2":[0,0],"3":[0,0],"4":[0,0],"5":[0,0],"6":[0,0],"7":[0,0],"8":[0,0],"9":[0,0],"10":[0,0],"11":[0,0],"12":[0,0],"13":[0,0],"14":[0,0],"15":[0,0],"16":[0,0],"17":[0,0],"18":[0,0],"19":[0,0],"20":[0,0],"21":[0,0],"22":[0],"23":[0,0,0],"24":[0,0],"25":[0,0]}}
,"/tmp/whatsapp-contacts-exporter/lib/csv.js": {"path":"/tmp/whatsapp-contacts-exporter/lib/csv.js","statementMap":{"0":{"start":{"line":6,"column":21},"end":{"line":174,"column":1}},"1":{"start":{"line":15,"column":4},"end":{"line":17,"column":5}},"2":{"start":{"line":16,"column":6},"end":{"line":16,"column":16}},"3":{"start":{"line":24,"column":8},"end":{"line":24,"column":15}},"4":{"start":{"line":27,"column":17},"end":{"line":27,"column":48}},"5":{"start":{"line":30,"column":18},"end":{"line":30,"column":20}},"6":{"start":{"line":33,"column":4},"end":{"line":36,"column":5}},"7":{"start":{"line":34,"column":24},"end":{"line":34,"column":98}},"8":{"start":{"line":34,"column":40},"end":{"line":34,"column":97}},"9":{"start":{"line":35,"column":6},"end":{"line":35,"column":44}},"10":{"start":{"line":39,"column":4},"end":{"line":45,"column":7}},"11":{"start":{"line":40,"column":18},"end":{"line":43,"column":8}},"12":{"start":{"line":41,"column":22},"end":{"line":41,"column":31}},"13":{"start":{"line":42,"column":8},"end":{"line":42,"column":60}},"14":{"start":{"line":44,"column":6},"end":{"line":44,"column":38}},"15":{"start":{"line":48,"column":16},"end":{"line":48,"column":24}},"16":{"start":{"line":49,"column":4},"end":{"line":49,"column":39}},"17":{"start":{"line":60,"column":4},"end":{"line":62,"column":5}},"18":{"start":{"line":61,"column":6},"end":{"line":61,"column":16}},"19":{"start":{"line":64,"column":22},"end":{"line":64,"column":35}},"20":{"start":{"line":67,"column":25},"end":{"line":71,"column":32}},"21":{"start":{"line":73,"column":4},"end":{"line":77,"column":5}},"22":{"start":{"line":75,"column":6},"end":{"line":75,"column":52}},"23":{"start":{"line":76,"column":6},"end":{"line":76,"column":32}},"24":{"start":{"line":79,"column":4},"end":{"line":79,"column":23}},"25":{"start":{"line":88,"column":4},"end":{"line":96,"column":14}},"26":{"start":{"line":94,"column":26},"end":{"line":94,"column":41}},"27":{"start":{"line":109,"column":8},"end":{"line":109,"column":15}},"28":{"start":{"line":111,"column":18},"end":{"line":111,"column":70}},"29":{"start":{"line":111,"column":58},"end":{"line":111,"column":69}},"30":{"start":{"line":112,"column":4},"end":{"line":112,"column":38}},"31":{"start":{"line":112,"column":28},"end":{"line":112,"column":38}},"32":{"start":{"line":114,"column":19},"end":{"line":114,"column":21}},"33":{"start":{"line":115,"column":20},"end":{"line":115,"column":74}},"34":{"start":{"line":116,"column":23},"end":{"line":116,"column":40}},"35":{"start":{"line":118,"column":4},"end":{"line":130,"column":5}},"36":{"start":{"line":118,"column":17},"end":{"line":118,"column":27}},"37":{"start":{"line":119,"column":21},"end":{"line":119,"column":56}},"38":{"start":{"line":121,"column":6},"end":{"line":129,"column":7}},"39":{"start":{"line":122,"column":20},"end":{"line":122,"column":22}},"40":{"start":{"line":123,"column":8},"end":{"line":125,"column":11}},"41":{"start":{"line":124,"column":10},"end":{"line":124,"column":44}},"42":{"start":{"line":126,"column":8},"end":{"line":126,"column":25}},"43":{"start":{"line":128,"column":8},"end":{"line":128,"column":28}},"44":{"start":{"line":132,"column":4},"end":{"line":132,"column":18}},"45":{"start":{"line":142,"column":19},"end":{"line":142,"column":21}},"46":{"start":{"line":143,"column":18},"end":{"line":143,"column":20}},"47":{"start":{"line":144,"column":19},"end":{"line":144,"column":24}},"48":{"start":{"line":146,"column":4},"end":{"line":169,"column":5}},"49":{"start":{"line":146,"column":17},"end":{"line":146,"column":18}},"50":{"start":{"line":147,"column":19},"end":{"line":147,"column":26}},"51":{"start":{"line":148,"column":23},"end":{"line":148,"column":34}},"52":{"start":{"line":150,"column":6},"end":{"line":168,"column":7}},"53":{"start":{"line":151,"column":8},"end":{"line":158,"column":9}},"54":{"start":{"line":152,"column":10},"end":{"line":152,"column":25}},"55":{"start":{"line":153,"column":10},"end":{"line":153,"column":14}},"56":{"start":{"line":154,"column":15},"end":{"line":158,"column":9}},"57":{"start":{"line":155,"column":10},"end":{"line":155,"column":27}},"58":{"start":{"line":157,"column":10},"end":{"line":157,"column":26}},"59":{"start":{"line":160,"column":8},"end":{"line":167,"column":9}},"60":{"start":{"line":161,"column":10},"end":{"line":161,"column":26}},"61":{"start":{"line":162,"column":15},"end":{"line":167,"column":9}},"62":{"start":{"line":163,"column":10},"end":{"line":163,"column":31}},"63":{"start":{"line":164,"column":10},"end":{"line":164,"column":23}},"64":{"start":{"line":166,"column":10},"end":{"line":166,"column":26}},"65":{"start":{"line":171,"column":4},"end":{"line":171,"column":25}},"66":{"start":{"line":172,"column":4},"end":{"line":172,"column":18}},"67":{"start":{"line":177,"column":0},"end":{"line":179,"column":1}},"68":{"start":{"line":178,"column":2},"end":{"line":178,"column":32}}},"fnMap":{"0":{"name":"(anonymous_0)","decl":{"start":{"line":14,"column":12},"end":{"line":14,"column":13}},"loc":{"start":{"line":14,"column":57},"end":{"line":50,"column":3}},"line":14},"1":{"name":"(anonymous_1)","decl":{"start":{"line":34,"column":33},"end":{"line":34,"column":34}},"loc":{"start":{"line":34,"column":40},"end":{"line":34,"column":97}},"line":34},"2":{"name":"(anonymous_2)","decl":{"start":{"line":39,"column":17},"end":{"line":39,"column":18}},"loc":{"start":{"line":39,"column":25},"end":{"line":45,"column":5}},"line":39},"3":{"name":"(anonymous_3)","decl":{"start":{"line":40,"column":27},"end":{"line":40,"column":28}},"loc":{"start":{"line":40,"column":34},"end":{"line":43,"column":7}},"line":40},"4":{"name":"(anonymous_4)","decl":{"start":{"line":59,"column":15},"end":{"line":59,"column":16}},"loc":{"start":{"line":59,"column":52},"end":{"line":80,"column":3}},"line":59},"5":{"name":"(anonymous_5)","decl":{"start":{"line":87,"column":12},"end":{"line":87,"column":13}},"loc":{"start":{"line":87,"column":26},"end":{"line":97,"column":3}},"line":87},"6":{"name":"(anonymous_6)","decl":{"start":{"line":94,"column":21},"end":{"line":94,"column":22}},"loc":{"start":{"line":94,"column":26},"end":{"line":94,"column":41}},"line":94},"7":{"name":"(anonymous_7)","decl":{"start":{"line":105,"column":9},"end":{"line":105,"column":10}},"loc":{"start":{"line":105,"column":43},"end":{"line":133,"column":3}},"line":105},"8":{"name":"(anonymous_8)","decl":{"start":{"line":111,"column":50},"end":{"line":111,"column":51}},"loc":{"start":{"line":111,"column":58},"end":{"line":111,"column":69}},"line":111},"9":{"name":"(anonymous_9)","decl":{"start":{"line":123,"column":24},"end":{"line":123,"column":25}},"loc":{"start":{"line":123,"column":43},"end":{"line":125,"column":9}},"line":123},"10":{"name":"(anonymous_10)","decl":{"start":{"line":141,"column":13},"end":{"line":141,"column":14}},"loc":{"start":{"line":141,"column":39},"end":{"line":173,"column":3}},"line":141}},"branchMap":{"0":{"loc":{"start":{"line":14,"column":27},"end":{"line":14,"column":41}},"type":"default-arg","locations":[{"start":{"line":14,"column":37},"end":{"line":14,"column":41}}],"line":14},"1":{"loc":{"start":{"line":14,"column":43},"end":{"line":14,"column":55}},"type":"default-arg","locations":[{"start":{"line":14,"column":53},"end":{"line":14,"column":55}}],"line":14},"2":{"loc":{"start":{"line":15,"column":4},"end":{"line":17,"column":5}},"type":"if","locations":[{"start":{"line":15,"column":4},"end":{"line":17,"column":5}},{"start":{},"end":{}}],"line":15},"3":{"loc":{"start":{"line":15,"column":8},"end":{"line":15,"column":34}},"type":"binary-expr","locations":[{"start":{"line":15,"column":8},"end":{"line":15,"column":13}},{"start":{"line":15,"column":17},"end":{"line":15,"column":34}}],"line":15},"4":{"loc":{"start":{"line":20,"column":6},"end":{"line":20,"column":21}},"type":"default-arg","locations":[{"start":{"line":20,"column":18},"end":{"line":20,"column":21}}],"line":20},"5":{"loc":{"start":{"line":21,"column":6},"end":{"line":21,"column":22}},"type":"default-arg","locations":[{"start":{"line":21,"column":18},"end":{"line":21,"column":22}}],"line":21},"6":{"loc":{"start":{"line":22,"column":6},"end":{"line":22,"column":26}},"type":"default-arg","locations":[{"start":{"line":22,"column":22},"end":{"line":22,"column":26}}],"line":22},"7":{"loc":{"start":{"line":23,"column":6},"end":{"line":23,"column":22}},"type":"default-arg","locations":[{"start":{"line":23,"column":17},"end":{"line":23,"column":22}}],"line":23},"8":{"loc":{"start":{"line":27,"column":17},"end":{"line":27,"column":48}},"type":"binary-expr","locations":[{"start":{"line":27,"column":17},"end":{"line":27,"column":24}},{"start":{"line":27,"column":28},"end":{"line":27,"column":48}}],"line":27},"9":{"loc":{"start":{"line":33,"column":4},"end":{"line":36,"column":5}},"type":"if","locations":[{"start":{"line":33,"column":4},"end":{"line":36,"column":5}},{"start":{},"end":{}}],"line":33},"10":{"loc":{"start":{"line":60,"column":4},"end":{"line":62,"column":5}},"type":"if","locations":[{"start":{"line":60,"column":4},"end":{"line":62,"column":5}},{"start":{},"end":{}}],"line":60},"11":{"loc":{"start":{"line":60,"column":8},"end":{"line":60,"column":45}},"type":"binary-expr","locations":[{"start":{"line":60,"column":8},"end":{"line":60,"column":22}},{"start":{"line":60,"column":26},"end":{"line":60,"column":45}}],"line":60},"12":{"loc":{"start":{"line":67,"column":25},"end":{"line":71,"column":32}},"type":"binary-expr","locations":[{"start":{"line":67,"column":25},"end":{"line":67,"column":33}},{"start":{"line":68,"column":6},"end":{"line":68,"column":37}},{"start":{"line":69,"column":6},"end":{"line":69,"column":31}},{"start":{"line":70,"column":6},"end":{"line":70,"column":32}},{"start":{"line":71,"column":6},"end":{"line":71,"column":32}}],"line":67},"13":{"loc":{"start":{"line":73,"column":4},"end":{"line":77,"column":5}},"type":"if","locations":[{"start":{"line":73,"column":4},"end":{"line":77,"column":5}},{"start":{},"end":{}}],"line":73},"14":{"loc":{"start":{"line":105,"column":29},"end":{"line":105,"column":41}},"type":"default-arg","locations":[{"start":{"line":105,"column":39},"end":{"line":105,"column":41}}],"line":105},"15":{"loc":{"start":{"line":107,"column":6},"end":{"line":107,"column":21}},"type":"default-arg","locations":[{"start":{"line":107,"column":18},"end":{"line":107,"column":21}}],"line":107},"16":{"loc":{"start":{"line":108,"column":6},"end":{"line":108,"column":22}},"type":"default-arg","locations":[{"start":{"line":108,"column":18},"end":{"line":108,"column":22}}],"line":108},"17":{"loc":{"start":{"line":112,"column":4},"end":{"line":112,"column":38}},"type":"if","locations":[{"start":{"line":112,"column":4},"end":{"line":112,"column":38}},{"start":{},"end":{}}],"line":112},"18":{"loc":{"start":{"line":115,"column":20},"end":{"line":115,"column":74}},"type":"cond-expr","locations":[{"start":{"line":115,"column":32},"end":{"line":115,"column":67}},{"start":{"line":115,"column":70},"end":{"line":115,"column":74}}],"line":115},"19":{"loc":{"start":{"line":116,"column":23},"end":{"line":116,"column":40}},"type":"cond-expr","locations":[{"start":{"line":116,"column":35},"end":{"line":116,"column":36}},{"start":{"line":116,"column":39},"end":{"line":116,"column":40}}],"line":116},"20":{"loc":{"start":{"line":121,"column":6},"end":{"line":129,"column":7}},"type":"if","locations":[{"start":{"line":121,"column":6},"end":{"line":129,"column":7}},{"start":{"line":127,"column":13},"end":{"line":129,"column":7}}],"line":121},"21":{"loc":{"start":{"line":124,"column":24},"end":{"line":124,"column":43}},"type":"binary-expr","locations":[{"start":{"line":124,"column":24},"end":{"line":124,"column":37}},{"start":{"line":124,"column":41},"end":{"line":124,"column":43}}],"line":124},"22":{"loc":{"start":{"line":150,"column":6},"end":{"line":168,"column":7}},"type":"if","locations":[{"start":{"line":150,"column":6},"end":{"line":168,"column":7}},{"start":{"line":159,"column":13},"end":{"line":168,"column":7}}],"line":150},"23":{"loc":{"start":{"line":151,"column":8},"end":{"line":158,"column":9}},"type":"if","locations":[{"start":{"line":151,"column":8},"end":{"line":158,"column":9}},{"start":{"line":154,"column":15},"end":{"line":158,"column":9}}],"line":151},"24":{"loc":{"start":{"line":151,"column":12},"end":{"line":151,"column":44}},"type":"binary-expr","locations":[{"start":{"line":151,"column":12},"end":{"line":151,"column":24}},{"start":{"line":151,"column":28},"end":{"line":151,"column":44}}],"line":151},"25":{"loc":{"start":{"line":154,"column":15},"end":{"line":158,"column":9}},"type":"if","locations":[{"start":{"line":154,"column":15},"end":{"line":158,"column":9}},{"start":{"line":156,"column":15},"end":{"line":158,"column":9}}],"line":154},"26":{"loc":{"start":{"line":160,"column":8},"end":{"line":167,"column":9}},"type":"if","locations":[{"start":{"line":160,"column":8},"end":{"line":167,"column":9}},{"start":{"line":162,"column":15},"end":{"line":167,"column":9}}],"line":160},"27":{"loc":{"start":{"line":162,"column":15},"end":{"line":167,"column":9}},"type":"if","locations":[{"start":{"line":162,"column":15},"end":{"line":167,"column":9}},{"start":{"line":165,"column":15},"end":{"line":167,"column":9}}],"line":162},"28":{"loc":{"start":{"line":177,"column":0},"end":{"line":179,"column":1}},"type":"if","locations":[{"start":{"line":177,"column":0},"end":{"line":179,"column":1}},{"start":{},"end":{}}],"line":177},"29":{"loc":{"start":{"line":177,"column":4},"end":{"line":177,"column":51}},"type":"binary-expr","locations":[{"start":{"line":177,"column":4},"end":{"line":177,"column":33}},{"start":{"line":177,"column":37},"end":{"line":177,"column":51}}],"line":177}},"s":{"0":0,"1":0,"2":0,"3":0,"4":0,"5":0,"6":0,"7":0,"8":0,"9":0,"10":0,"11":0,"12":0,"13":0,"14":0,"15":0,"16":0,"17":0,"18":0,"19":0,"20":0,"21":0,"22":0,"23":0,"24":0,"25":0,"26":0,"27":0,"28":0,"29":0,"30":0,"31":0,"32":0,"33":0,"34":0,"35":0,"36":0,"37":0,"38":0,"39":0,"40":0,"41":0,"42":0,"43":0,"44":0,"45":0,"46":0,"47":0,"48":0,"49":0,"50":0,"51":0,"52":0,"53":0,"54":0,"55":0,"56":0,"57":0,"58":0,"59":0,"60":0,"61":0,"62":0,"63":0,"64":0,"65":0,"66":0,"67":0,"68":0},"f":{"0":0,"1":0,"2":0,"3":0,"4":0,"5":0,"6":0,"7":0,"8":0,"9":0,"10":0},"b":{"0":[0],"1":[0],"2":[0,0],"3":[0,0],"4":[0],"5":[0],"6":[0],"7":[0],"8":[0,0],"9":[0,0],"10":[0,0],"11":[0,0],"12":[0,0,0,0,0],"13":[0,0],"14":[0],"15":[0],"16":[0],"17":[0,0],"18":[0,0],"19":[0,0],"20":[0,0],"21":[0,0],"22":[0,0],"23":[0,0],"24":[0,0],"25":[0,0],"26":[0,0],"27":[0,0],"28":[0,0],"29":[0,0]}}
,"/tmp/whatsapp-contacts-exporter/popup/popup.js": {"path":"/tmp/whatsapp-contacts-exporter/popup/popup.js","statementMap":{"0":{"start":{"line":2,"column":18},"end":{"line":2,"column":55}},"1":{"start":{"line":3,"column":19},"end":{"line":3,"column":57}},"2":{"start":{"line":4,"column":21},"end":{"line":4,"column":57}},"3":{"start":{"line":5,"column":22},"end":{"line":5,"column":59}},"4":{"start":{"line":6,"column":32},"end":{"line":6,"column":74}},"5":{"start":{"line":7,"column":30},"end":{"line":7,"column":70}},"6":{"start":{"line":8,"column":19},"end":{"line":8,"column":53}},"7":{"start":{"line":9,"column":25},"end":{"line":9,"column":64}},"8":{"start":{"line":11,"column":24},"end":{"line":11,"column":26}},"9":{"start":{"line":14,"column":0},"end":{"line":16,"column":3}},"10":{"start":{"line":15,"column":2},"end":{"line":15,"column":27}},"11":{"start":{"line":20,"column":2},"end":{"line":33,"column":3}},"12":{"start":{"line":21,"column":18},"end":{"line":21,"column":80}},"13":{"start":{"line":23,"column":4},"end":{"line":26,"column":5}},"14":{"start":{"line":24,"column":6},"end":{"line":24,"column":59}},"15":{"start":{"line":25,"column":6},"end":{"line":25,"column":13}},"16":{"start":{"line":29,"column":4},"end":{"line":29,"column":28}},"17":{"start":{"line":31,"column":4},"end":{"line":31,"column":35}},"18":{"start":{"line":32,"column":4},"end":{"line":32,"column":55}},"19":{"start":{"line":38,"column":2},"end":{"line":38,"column":37}},"20":{"start":{"line":39,"column":2},"end":{"line":43,"column":3}},"21":{"start":{"line":40,"column":4},"end":{"line":40,"column":41}},"22":{"start":{"line":41,"column":9},"end":{"line":43,"column":3}},"23":{"start":{"line":42,"column":4},"end":{"line":42,"column":37}},"24":{"start":{"line":44,"column":2},"end":{"line":44,"column":35}},"25":{"start":{"line":49,"column":2},"end":{"line":66,"column":3}},"26":{"start":{"line":50,"column":18},"end":{"line":50,"column":80}},"27":{"start":{"line":52,"column":20},"end":{"line":55,"column":6}},"28":{"start":{"line":57,"column":4},"end":{"line":62,"column":5}},"29":{"start":{"line":58,"column":6},"end":{"line":58,"column":44}},"30":{"start":{"line":59,"column":6},"end":{"line":59,"column":17}},"31":{"start":{"line":61,"column":6},"end":{"line":61,"column":55}},"32":{"start":{"line":64,"column":4},"end":{"line":64,"column":46}},"33":{"start":{"line":65,"column":4},"end":{"line":65,"column":52}},"34":{"start":{"line":71,"column":19},"end":{"line":71,"column":40}},"35":{"start":{"line":73,"column":2},"end":{"line":84,"column":3}},"36":{"start":{"line":74,"column":4},"end":{"line":74,"column":71}},"37":{"start":{"line":75,"column":4},"end":{"line":75,"column":34}},"38":{"start":{"line":76,"column":4},"end":{"line":76,"column":35}},"39":{"start":{"line":77,"column":4},"end":{"line":77,"column":39}},"40":{"start":{"line":78,"column":4},"end":{"line":78,"column":51}},"41":{"start":{"line":80,"column":4},"end":{"line":80,"column":75}},"42":{"start":{"line":81,"column":4},"end":{"line":81,"column":33}},"43":{"start":{"line":82,"column":4},"end":{"line":82,"column":34}},"44":{"start":{"line":83,"column":4},"end":{"line":83,"column":38}},"45":{"start":{"line":89,"column":26},"end":{"line":89,"column":57}},"46":{"start":{"line":90,"column":24},"end":{"line":90,"column":53}},"47":{"start":{"line":92,"column":2},"end":{"line":96,"column":5}},"48":{"start":{"line":93,"column":4},"end":{"line":93,"column":54}},"49":{"start":{"line":93,"column":42},"end":{"line":93,"column":54}},"50":{"start":{"line":94,"column":4},"end":{"line":94,"column":57}},"51":{"start":{"line":94,"column":45},"end":{"line":94,"column":57}},"52":{"start":{"line":95,"column":4},"end":{"line":95,"column":17}},"53":{"start":{"line":101,"column":19},"end":{"line":101,"column":21}},"54":{"start":{"line":102,"column":15},"end":{"line":102,"column":24}},"55":{"start":{"line":105,"column":28},"end":{"line":110,"column":3}},"56":{"start":{"line":112,"column":21},"end":{"line":112,"column":23}},"57":{"start":{"line":113,"column":2},"end":{"line":116,"column":3}},"58":{"start":{"line":114,"column":4},"end":{"line":114,"column":55}},"59":{"start":{"line":115,"column":4},"end":{"line":115,"column":39}},"60":{"start":{"line":115,"column":33},"end":{"line":115,"column":39}},"61":{"start":{"line":118,"column":2},"end":{"line":183,"column":5}},"62":{"start":{"line":119,"column":4},"end":{"line":182,"column":5}},"63":{"start":{"line":121,"column":28},"end":{"line":126,"column":7}},"64":{"start":{"line":128,"column":17},"end":{"line":128,"column":19}},"65":{"start":{"line":129,"column":24},"end":{"line":129,"column":28}},"66":{"start":{"line":131,"column":6},"end":{"line":137,"column":7}},"67":{"start":{"line":132,"column":8},"end":{"line":132,"column":54}},"68":{"start":{"line":133,"column":8},"end":{"line":136,"column":9}},"69":{"start":{"line":134,"column":10},"end":{"line":134,"column":78}},"70":{"start":{"line":135,"column":10},"end":{"line":135,"column":16}},"71":{"start":{"line":139,"column":6},"end":{"line":139,"column":42}},"72":{"start":{"line":139,"column":35},"end":{"line":139,"column":42}},"73":{"start":{"line":140,"column":6},"end":{"line":140,"column":21}},"74":{"start":{"line":144,"column":8},"end":{"line":147,"column":50}},"75":{"start":{"line":150,"column":24},"end":{"line":150,"column":26}},"76":{"start":{"line":151,"column":25},"end":{"line":151,"column":58}},"77":{"start":{"line":152,"column":6},"end":{"line":154,"column":7}},"78":{"start":{"line":153,"column":8},"end":{"line":153,"column":61}},"79":{"start":{"line":157,"column":28},"end":{"line":161,"column":7}},"80":{"start":{"line":163,"column":21},"end":{"line":163,"column":23}},"81":{"start":{"line":164,"column":6},"end":{"line":170,"column":7}},"82":{"start":{"line":165,"column":28},"end":{"line":165,"column":59}},"83":{"start":{"line":166,"column":8},"end":{"line":169,"column":9}},"84":{"start":{"line":167,"column":10},"end":{"line":167,"column":52}},"85":{"start":{"line":168,"column":10},"end":{"line":168,"column":16}},"86":{"start":{"line":172,"column":6},"end":{"line":179,"column":9}},"87":{"start":{"line":181,"column":6},"end":{"line":181,"column":49}},"88":{"start":{"line":185,"column":2},"end":{"line":185,"column":18}},"89":{"start":{"line":189,"column":0},"end":{"line":195,"column":3}},"90":{"start":{"line":190,"column":19},"end":{"line":190,"column":40}},"91":{"start":{"line":191,"column":2},"end":{"line":191,"column":36}},"92":{"start":{"line":191,"column":29},"end":{"line":191,"column":36}},"93":{"start":{"line":193,"column":14},"end":{"line":193,"column":104}},"94":{"start":{"line":194,"column":2},"end":{"line":194,"column":57}},"95":{"start":{"line":197,"column":0},"end":{"line":203,"column":3}},"96":{"start":{"line":198,"column":19},"end":{"line":198,"column":40}},"97":{"start":{"line":199,"column":2},"end":{"line":199,"column":36}},"98":{"start":{"line":199,"column":29},"end":{"line":199,"column":36}},"99":{"start":{"line":201,"column":15},"end":{"line":201,"column":48}},"100":{"start":{"line":202,"column":2},"end":{"line":202,"column":67}},"101":{"start":{"line":206,"column":0},"end":{"line":206,"column":61}},"102":{"start":{"line":207,"column":0},"end":{"line":207,"column":59}},"103":{"start":{"line":211,"column":15},"end":{"line":211,"column":54}},"104":{"start":{"line":212,"column":14},"end":{"line":212,"column":39}},"105":{"start":{"line":213,"column":12},"end":{"line":213,"column":39}},"106":{"start":{"line":214,"column":2},"end":{"line":214,"column":15}},"107":{"start":{"line":215,"column":2},"end":{"line":215,"column":24}},"108":{"start":{"line":216,"column":2},"end":{"line":216,"column":31}},"109":{"start":{"line":217,"column":2},"end":{"line":217,"column":12}},"110":{"start":{"line":218,"column":2},"end":{"line":218,"column":31}},"111":{"start":{"line":219,"column":2},"end":{"line":219,"column":27}}},"fnMap":{"0":{"name":"(anonymous_0)","decl":{"start":{"line":14,"column":46},"end":{"line":14,"column":47}},"loc":{"start":{"line":14,"column":58},"end":{"line":16,"column":1}},"line":14},"1":{"name":"checkWhatsAppTab","decl":{"start":{"line":19,"column":15},"end":{"line":19,"column":31}},"loc":{"start":{"line":19,"column":34},"end":{"line":34,"column":1}},"line":19},"2":{"name":"setStatus","decl":{"start":{"line":37,"column":9},"end":{"line":37,"column":18}},"loc":{"start":{"line":37,"column":34},"end":{"line":45,"column":1}},"line":37},"3":{"name":"extractContacts","decl":{"start":{"line":48,"column":15},"end":{"line":48,"column":30}},"loc":{"start":{"line":48,"column":33},"end":{"line":67,"column":1}},"line":48},"4":{"name":"updateUI","decl":{"start":{"line":70,"column":9},"end":{"line":70,"column":17}},"loc":{"start":{"line":70,"column":20},"end":{"line":85,"column":1}},"line":70},"5":{"name":"getFilteredContacts","decl":{"start":{"line":88,"column":9},"end":{"line":88,"column":28}},"loc":{"start":{"line":88,"column":31},"end":{"line":97,"column":1}},"line":88},"6":{"name":"(anonymous_6)","decl":{"start":{"line":92,"column":34},"end":{"line":92,"column":35}},"loc":{"start":{"line":92,"column":45},"end":{"line":96,"column":3}},"line":92},"7":{"name":"scrapeContacts","decl":{"start":{"line":100,"column":9},"end":{"line":100,"column":23}},"loc":{"start":{"line":100,"column":26},"end":{"line":186,"column":1}},"line":100},"8":{"name":"(anonymous_8)","decl":{"start":{"line":118,"column":23},"end":{"line":118,"column":24}},"loc":{"start":{"line":118,"column":34},"end":{"line":183,"column":3}},"line":118},"9":{"name":"(anonymous_9)","decl":{"start":{"line":189,"column":39},"end":{"line":189,"column":40}},"loc":{"start":{"line":189,"column":45},"end":{"line":195,"column":1}},"line":189},"10":{"name":"(anonymous_10)","decl":{"start":{"line":197,"column":40},"end":{"line":197,"column":41}},"loc":{"start":{"line":197,"column":46},"end":{"line":203,"column":1}},"line":197},"11":{"name":"downloadFile","decl":{"start":{"line":210,"column":9},"end":{"line":210,"column":21}},"loc":{"start":{"line":210,"column":51},"end":{"line":220,"column":1}},"line":210}},"branchMap":{"0":{"loc":{"start":{"line":23,"column":4},"end":{"line":26,"column":5}},"type":"if","locations":[{"start":{"line":23,"column":4},"end":{"line":26,"column":5}},{"start":{},"end":{}}],"line":23},"1":{"loc":{"start":{"line":23,"column":8},"end":{"line":23,"column":57}},"type":"binary-expr","locations":[{"start":{"line":23,"column":8},"end":{"line":23,"column":16}},{"start":{"line":23,"column":20},"end":{"line":23,"column":57}}],"line":23},"2":{"loc":{"start":{"line":39,"column":2},"end":{"line":43,"column":3}},"type":"if","locations":[{"start":{"line":39,"column":2},"end":{"line":43,"column":3}},{"start":{"line":41,"column":9},"end":{"line":43,"column":3}}],"line":39},"3":{"loc":{"start":{"line":41,"column":9},"end":{"line":43,"column":3}},"type":"if","locations":[{"start":{"line":41,"column":9},"end":{"line":43,"column":3}},{"start":{},"end":{}}],"line":41},"4":{"loc":{"start":{"line":57,"column":4},"end":{"line":62,"column":5}},"type":"if","locations":[{"start":{"line":57,"column":4},"end":{"line":62,"column":5}},{"start":{"line":60,"column":11},"end":{"line":62,"column":5}}],"line":57},"5":{"loc":{"start":{"line":57,"column":8},"end":{"line":57,"column":50}},"type":"binary-expr","locations":[{"start":{"line":57,"column":8},"end":{"line":57,"column":15}},{"start":{"line":57,"column":19},"end":{"line":57,"column":29}},{"start":{"line":57,"column":33},"end":{"line":57,"column":50}}],"line":57},"6":{"loc":{"start":{"line":73,"column":2},"end":{"line":84,"column":3}},"type":"if","locations":[{"start":{"line":73,"column":2},"end":{"line":84,"column":3}},{"start":{"line":79,"column":9},"end":{"line":84,"column":3}}],"line":73},"7":{"loc":{"start":{"line":93,"column":4},"end":{"line":93,"column":54}},"type":"if","locations":[{"start":{"line":93,"column":4},"end":{"line":93,"column":54}},{"start":{},"end":{}}],"line":93},"8":{"loc":{"start":{"line":93,"column":8},"end":{"line":93,"column":40}},"type":"binary-expr","locations":[{"start":{"line":93,"column":8},"end":{"line":93,"column":23}},{"start":{"line":93,"column":27},"end":{"line":93,"column":40}}],"line":93},"9":{"loc":{"start":{"line":94,"column":4},"end":{"line":94,"column":57}},"type":"if","locations":[{"start":{"line":94,"column":4},"end":{"line":94,"column":57}},{"start":{},"end":{}}],"line":94},"10":{"loc":{"start":{"line":94,"column":8},"end":{"line":94,"column":43}},"type":"binary-expr","locations":[{"start":{"line":94,"column":8},"end":{"line":94,"column":24}},{"start":{"line":94,"column":28},"end":{"line":94,"column":43}}],"line":94},"11":{"loc":{"start":{"line":115,"column":4},"end":{"line":115,"column":39}},"type":"if","locations":[{"start":{"line":115,"column":4},"end":{"line":115,"column":39}},{"start":{},"end":{}}],"line":115},"12":{"loc":{"start":{"line":133,"column":8},"end":{"line":136,"column":9}},"type":"if","locations":[{"start":{"line":133,"column":8},"end":{"line":136,"column":9}},{"start":{},"end":{}}],"line":133},"13":{"loc":{"start":{"line":134,"column":17},"end":{"line":134,"column":77}},"type":"binary-expr","locations":[{"start":{"line":134,"column":17},"end":{"line":134,"column":50}},{"start":{"line":134,"column":54},"end":{"line":134,"column":77}}],"line":134},"14":{"loc":{"start":{"line":139,"column":6},"end":{"line":139,"column":42}},"type":"if","locations":[{"start":{"line":139,"column":6},"end":{"line":139,"column":42}},{"start":{},"end":{}}],"line":139},"15":{"loc":{"start":{"line":139,"column":10},"end":{"line":139,"column":33}},"type":"binary-expr","locations":[{"start":{"line":139,"column":10},"end":{"line":139,"column":15}},{"start":{"line":139,"column":19},"end":{"line":139,"column":33}}],"line":139},"16":{"loc":{"start":{"line":144,"column":8},"end":{"line":147,"column":50}},"type":"binary-expr","locations":[{"start":{"line":144,"column":8},"end":{"line":144,"column":71}},{"start":{"line":145,"column":8},"end":{"line":145,"column":69}},{"start":{"line":146,"column":8},"end":{"line":146,"column":27}},{"start":{"line":147,"column":8},"end":{"line":147,"column":50}}],"line":144},"17":{"loc":{"start":{"line":152,"column":6},"end":{"line":154,"column":7}},"type":"if","locations":[{"start":{"line":152,"column":6},"end":{"line":154,"column":7}},{"start":{},"end":{}}],"line":152},"18":{"loc":{"start":{"line":166,"column":8},"end":{"line":169,"column":9}},"type":"if","locations":[{"start":{"line":166,"column":8},"end":{"line":169,"column":9}},{"start":{},"end":{}}],"line":166},"19":{"loc":{"start":{"line":176,"column":14},"end":{"line":176,"column":43}},"type":"cond-expr","locations":[{"start":{"line":176,"column":24},"end":{"line":176,"column":31}},{"start":{"line":176,"column":34},"end":{"line":176,"column":43}}],"line":176},"20":{"loc":{"start":{"line":191,"column":2},"end":{"line":191,"column":36}},"type":"if","locations":[{"start":{"line":191,"column":2},"end":{"line":191,"column":36}},{"start":{},"end":{}}],"line":191},"21":{"loc":{"start":{"line":199,"column":2},"end":{"line":199,"column":36}},"type":"if","locations":[{"start":{"line":199,"column":2},"end":{"line":199,"column":36}},{"start":{},"end":{}}],"line":199}},"s":{"0":0,"1":0,"2":0,"3":0,"4":0,"5":0,"6":0,"7":0,"8":0,"9":0,"10":0,"11":0,"12":0,"13":0,"14":0,"15":0,"16":0,"17":0,"18":0,"19":0,"20":0,"21":0,"22":0,"23":0,"24":0,"25":0,"26":0,"27":0,"28":0,"29":0,"30":0,"31":0,"32":0,"33":0,"34":0,"35":0,"36":0,"37":0,"38":0,"39":0,"40":0,"41":0,"42":0,"43":0,"44":0,"45":0,"46":0,"47":0,"48":0,"49":0,"50":0,"51":0,"52":0,"53":0,"54":0,"55":0,"56":0,"57":0,"58":0,"59":0,"60":0,"61":0,"62":0,"63":0,"64":0,"65":0,"66":0,"67":0,"68":0,"69":0,"70":0,"71":0,"72":0,"73":0,"74":0,"75":0,"76":0,"77":0,"78":0,"79":0,"80":0,"81":0,"82":0,"83":0,"84":0,"85":0,"86":0,"87":0,"88":0,"89":0,"90":0,"91":0,"92":0,"93":0,"94":0,"95":0,"96":0,"97":0,"98":0,"99":0,"100":0,"101":0,"102":0,"103":0,"104":0,"105":0,"106":0,"107":0,"108":0,"109":0,"110":0,"111":0},"f":{"0":0,"1":0,"2":0,"3":0,"4":0,"5":0,"6":0,"7":0,"8":0,"9":0,"10":0,"11":0},"b":{"0":[0,0],"1":[0,0],"2":[0,0],"3":[0,0],"4":[0,0],"5":[0,0,0],"6":[0,0],"7":[0,0],"8":[0,0],"9":[0,0],"10":[0,0],"11":[0,0],"12":[0,0],"13":[0,0],"14":[0,0],"15":[0,0],"16":[0,0,0,0],"17":[0,0],"18":[0,0],"19":[0,0],"20":[0,0],"21":[0,0]}}
}
