TN:
SF:content/content.js
FN:4,(anonymous_0)
FN:8,(anonymous_1)
FN:17,extractAllContacts
FN:41,(anonymous_3)
FN:58,parseContactElement
FN:105,detectIfGroup
FN:130,extractPhoneNumber
FN:161,extractLastSeen
FN:181,extractUnreadCount
FN:201,(anonymous_9)
FN:214,(anonymous_10)
FN:215,(anonymous_11)
FNF:12
FNH:0
FNDA:0,(anonymous_0)
FNDA:0,(anonymous_1)
FNDA:0,extractAllContacts
FNDA:0,(anonymous_3)
FNDA:0,parseContactElement
FNDA:0,detectIfGroup
FNDA:0,extractPhoneNumber
FNDA:0,extractLastSeen
FNDA:0,extractUnreadCount
FNDA:0,(anonymous_9)
FNDA:0,(anonymous_10)
FNDA:0,(anonymous_11)
DA:4,0
DA:8,0
DA:9,0
DA:10,0
DA:11,0
DA:13,0
DA:18,0
DA:19,0
DA:22,0
DA:31,0
DA:32,0
DA:33,0
DA:34,0
DA:35,0
DA:39,0
DA:41,0
DA:42,0
DA:43,0
DA:44,0
DA:45,0
DA:46,0
DA:49,0
DA:53,0
DA:54,0
DA:60,0
DA:69,0
DA:70,0
DA:71,0
DA:72,0
DA:73,0
DA:74,0
DA:78,0
DA:79,0
DA:82,0
DA:85,0
DA:88,0
DA:91,0
DA:93,0
DA:106,0
DA:113,0
DA:114,0
DA:118,0
DA:121,0
DA:122,0
DA:123,0
DA:126,0
DA:132,0
DA:138,0
DA:139,0
DA:140,0
DA:141,0
DA:146,0
DA:147,0
DA:148,0
DA:149,0
DA:150,0
DA:151,0
DA:152,0
DA:157,0
DA:162,0
DA:170,0
DA:171,0
DA:172,0
DA:173,0
DA:177,0
DA:182,0
DA:189,0
DA:190,0
DA:191,0
DA:192,0
DA:193,0
DA:197,0
DA:201,0
DA:202,0
DA:206,0
DA:207,0
DA:208,0
DA:211,0
DA:212,0
DA:214,0
DA:215,0
DA:216,0
DA:218,0
DA:219,0
DA:220,0
DA:226,0
LF:86
LH:0
BRDA:9,0,0,0
BRDA:9,0,1,0
BRDA:34,1,0,0
BRDA:34,1,1,0
BRDA:44,2,0,0
BRDA:44,2,1,0
BRDA:44,3,0,0
BRDA:44,3,1,0
BRDA:72,4,0,0
BRDA:72,4,1,0
BRDA:73,5,0,0
BRDA:73,5,1,0
BRDA:74,6,0,0
BRDA:74,6,1,0
BRDA:74,7,0,0
BRDA:74,7,1,0
BRDA:78,8,0,0
BRDA:78,8,1,0
BRDA:78,9,0,0
BRDA:78,9,1,0
BRDA:97,10,0,0
BRDA:97,10,1,0
BRDA:114,11,0,0
BRDA:114,11,1,0
BRDA:118,12,0,0
BRDA:118,12,1,0
BRDA:122,13,0,0
BRDA:122,13,1,0
BRDA:122,14,0,0
BRDA:122,14,1,0
BRDA:140,15,0,0
BRDA:140,15,1,0
BRDA:147,16,0,0
BRDA:147,16,1,0
BRDA:151,17,0,0
BRDA:151,17,1,0
BRDA:172,18,0,0
BRDA:172,18,1,0
BRDA:172,19,0,0
BRDA:172,19,1,0
BRDA:191,20,0,0
BRDA:191,20,1,0
BRDA:193,21,0,0
BRDA:193,21,1,0
BRDA:201,22,0,0
BRDA:202,23,0,0
BRDA:202,23,1,0
BRDA:202,23,2,0
BRDA:206,24,0,0
BRDA:206,24,1,0
BRDA:218,25,0,0
BRDA:218,25,1,0
BRF:52
BRH:0
end_of_record
TN:
SF:lib/csv.js
FN:14,(anonymous_0)
FN:34,(anonymous_1)
FN:39,(anonymous_2)
FN:40,(anonymous_3)
FN:59,(anonymous_4)
FN:87,(anonymous_5)
FN:94,(anonymous_6)
FN:105,(anonymous_7)
FN:111,(anonymous_8)
FN:123,(anonymous_9)
FN:141,(anonymous_10)
FNF:11
FNH:0
FNDA:0,(anonymous_0)
FNDA:0,(anonymous_1)
FNDA:0,(anonymous_2)
FNDA:0,(anonymous_3)
FNDA:0,(anonymous_4)
FNDA:0,(anonymous_5)
FNDA:0,(anonymous_6)
FNDA:0,(anonymous_7)
FNDA:0,(anonymous_8)
FNDA:0,(anonymous_9)
FNDA:0,(anonymous_10)
DA:6,0
DA:15,0
DA:16,0
DA:24,0
DA:27,0
DA:30,0
DA:33,0
DA:34,0
DA:35,0
DA:39,0
DA:40,0
DA:41,0
DA:42,0
DA:44,0
DA:48,0
DA:49,0
DA:60,0
DA:61,0
DA:64,0
DA:67,0
DA:73,0
DA:75,0
DA:76,0
DA:79,0
DA:88,0
DA:94,0
DA:109,0
DA:111,0
DA:112,0
DA:114,0
DA:115,0
DA:116,0
DA:118,0
DA:119,0
DA:121,0
DA:122,0
DA:123,0
DA:124,0
DA:126,0
DA:128,0
DA:132,0
DA:142,0
DA:143,0
DA:144,0
DA:146,0
DA:147,0
DA:148,0
DA:150,0
DA:151,0
DA:152,0
DA:153,0
DA:154,0
DA:155,0
DA:157,0
DA:160,0
DA:161,0
DA:162,0
DA:163,0
DA:164,0
DA:166,0
DA:171,0
DA:172,0
DA:177,0
DA:178,0
LF:64
LH:0
BRDA:14,0,0,0
BRDA:14,1,0,0
BRDA:15,2,0,0
BRDA:15,2,1,0
BRDA:15,3,0,0
BRDA:15,3,1,0
BRDA:20,4,0,0
BRDA:21,5,0,0
BRDA:22,6,0,0
BRDA:23,7,0,0
BRDA:27,8,0,0
BRDA:27,8,1,0
BRDA:33,9,0,0
BRDA:33,9,1,0
BRDA:60,10,0,0
BRDA:60,10,1,0
BRDA:60,11,0,0
BRDA:60,11,1,0
BRDA:67,12,0,0
BRDA:67,12,1,0
BRDA:67,12,2,0
BRDA:67,12,3,0
BRDA:67,12,4,0
BRDA:73,13,0,0
BRDA:73,13,1,0
BRDA:105,14,0,0
BRDA:107,15,0,0
BRDA:108,16,0,0
BRDA:112,17,0,0
BRDA:112,17,1,0
BRDA:115,18,0,0
BRDA:115,18,1,0
BRDA:116,19,0,0
BRDA:116,19,1,0
BRDA:121,20,0,0
BRDA:121,20,1,0
BRDA:124,21,0,0
BRDA:124,21,1,0
BRDA:150,22,0,0
BRDA:150,22,1,0
BRDA:151,23,0,0
BRDA:151,23,1,0
BRDA:151,24,0,0
BRDA:151,24,1,0
BRDA:154,25,0,0
BRDA:154,25,1,0
BRDA:160,26,0,0
BRDA:160,26,1,0
BRDA:162,27,0,0
BRDA:162,27,1,0
BRDA:177,28,0,0
BRDA:177,28,1,0
BRDA:177,29,0,0
BRDA:177,29,1,0
BRF:54
BRH:0
end_of_record
TN:
SF:popup/popup.js
FN:14,(anonymous_0)
FN:19,checkWhatsAppTab
FN:37,setStatus
FN:48,extractContacts
FN:70,updateUI
FN:88,getFilteredContacts
FN:92,(anonymous_6)
FN:100,scrapeContacts
FN:118,(anonymous_8)
FN:189,(anonymous_9)
FN:197,(anonymous_10)
FN:210,downloadFile
FNF:12
FNH:0
FNDA:0,(anonymous_0)
FNDA:0,checkWhatsAppTab
FNDA:0,setStatus
FNDA:0,extractContacts
FNDA:0,updateUI
FNDA:0,getFilteredContacts
FNDA:0,(anonymous_6)
FNDA:0,scrapeContacts
FNDA:0,(anonymous_8)
FNDA:0,(anonymous_9)
FNDA:0,(anonymous_10)
FNDA:0,downloadFile
DA:2,0
DA:3,0
DA:4,0
DA:5,0
DA:6,0
DA:7,0
DA:8,0
DA:9,0
DA:11,0
DA:14,0
DA:15,0
DA:20,0
DA:21,0
DA:23,0
DA:24,0
DA:25,0
DA:29,0
DA:31,0
DA:32,0
DA:38,0
DA:39,0
DA:40,0
DA:41,0
DA:42,0
DA:44,0
DA:49,0
DA:50,0
DA:52,0
DA:57,0
DA:58,0
DA:59,0
DA:61,0
DA:64,0
DA:65,0
DA:71,0
DA:73,0
DA:74,0
DA:75,0
DA:76,0
DA:77,0
DA:78,0
DA:80,0
DA:81,0
DA:82,0
DA:83,0
DA:89,0
DA:90,0
DA:92,0
DA:93,0
DA:94,0
DA:95,0
DA:101,0
DA:102,0
DA:105,0
DA:112,0
DA:113,0
DA:114,0
DA:115,0
DA:118,0
DA:119,0
DA:121,0
DA:128,0
DA:129,0
DA:131,0
DA:132,0
DA:133,0
DA:134,0
DA:135,0
DA:139,0
DA:140,0
DA:144,0
DA:150,0
DA:151,0
DA:152,0
DA:153,0
DA:157,0
DA:163,0
DA:164,0
DA:165,0
DA:166,0
DA:167,0
DA:168,0
DA:172,0
DA:181,0
DA:185,0
DA:189,0
DA:190,0
DA:191,0
DA:193,0
DA:194,0
DA:197,0
DA:198,0
DA:199,0
DA:201,0
DA:202,0
DA:206,0
DA:207,0
DA:211,0
DA:212,0
DA:213,0
DA:214,0
DA:215,0
DA:216,0
DA:217,0
DA:218,0
DA:219,0
LF:106
LH:0
BRDA:23,0,0,0
BRDA:23,0,1,0
BRDA:23,1,0,0
BRDA:23,1,1,0
BRDA:39,2,0,0
BRDA:39,2,1,0
BRDA:41,3,0,0
BRDA:41,3,1,0
BRDA:57,4,0,0
BRDA:57,4,1,0
BRDA:57,5,0,0
BRDA:57,5,1,0
BRDA:57,5,2,0
BRDA:73,6,0,0
BRDA:73,6,1,0
BRDA:93,7,0,0
BRDA:93,7,1,0
BRDA:93,8,0,0
BRDA:93,8,1,0
BRDA:94,9,0,0
BRDA:94,9,1,0
BRDA:94,10,0,0
BRDA:94,10,1,0
BRDA:115,11,0,0
BRDA:115,11,1,0
BRDA:133,12,0,0
BRDA:133,12,1,0
BRDA:134,13,0,0
BRDA:134,13,1,0
BRDA:139,14,0,0
BRDA:139,14,1,0
BRDA:139,15,0,0
BRDA:139,15,1,0
BRDA:144,16,0,0
BRDA:144,16,1,0
BRDA:144,16,2,0
BRDA:144,16,3,0
BRDA:152,17,0,0
BRDA:152,17,1,0
BRDA:166,18,0,0
BRDA:166,18,1,0
BRDA:176,19,0,0
BRDA:176,19,1,0
BRDA:191,20,0,0
BRDA:191,20,1,0
BRDA:199,21,0,0
BRDA:199,21,1,0
BRF:47
BRH:0
end_of_record
